[15:44:56] ConvaiChatbotComponentLog : Log : Cleanup | Character ID : ea6ea19e-ca0e-11f0-8245-42010a7be027 | Session ID : -1
[15:44:56] ConvaiSubsystemLog : Log : gRPC Creating Channel...
[15:44:56] ConvaiSubsystemLog : Log : Start Run
[15:44:56] ConvaiSubsystemLog : Log : UConvaiSubsystem Started
[15:44:57] ConvaiPlayerLog : Log : UConvaiPlayerComponent: Found submix "AudioInput"
[15:44:57] ConvaiSubsystemLog : Verbose : Registered player component: ConvaiPlayer
[15:45:20] ConvaiSubsystemLog : Warning : gRPC channel not ready yet.. Current State: GRPC_CHANNEL_IDLE
[15:45:20] ConvaiGRPCLog : Log : AsyncGetResponse started | Character ID : ea6ea19e-ca0e-11f0-8245-42010a7be027 | Session ID : -1
[15:45:20] ConvaiGRPCLog : Log : GRPC GetResponse stream initialized | Character ID : ea6ea19e-ca0e-11f0-8245-42010a7be027 | Session ID : -1
[15:45:20] ConvaiGRPCLog : Log : request: character_id: "ea6ea19e-ca0e-11f0-8245-42010a7be027"
api_key: "5ff1f80b5ca3741d51e90a2fc9cacebd"
session_id: "-1"
audio_config {
  sample_rate_hertz: 16000
}
action_config {
  actions: "Moves To"
  actions: "Follows"
  actions: "None"
  actions: "Stops"
  actions: "Waits for <time in seconds or character>"
  characters {
    name: "John"
  }
  characters {
    name: "Guest"
  }
  characters {
    name: "Player"
  }
  objects {
  }
  classification: "multistep"
}
speaker: "Player"
dynamic_info_config {
}
 | Character ID : ea6ea19e-ca0e-11f0-8245-42010a7be027 | Session ID : -1
[15:45:20] ConvaiGRPCLog : Log : Initial Stream Write | Character ID : ea6ea19e-ca0e-11f0-8245-42010a7be027 | Session ID : -1
[15:45:20] ConvaiGRPCLog : Log : Initial Stream Read | Character ID : ea6ea19e-ca0e-11f0-8245-42010a7be027 | Session ID : -1
[15:45:20] ConvaiGRPCLog : Log : Sent UserQuery Hello: | Character ID : ea6ea19e-ca0e-11f0-8245-42010a7be027 | Session ID : -1
[15:45:20] ConvaiGRPCLog : Log : Calling Stream WriteLast | Character ID : ea6ea19e-ca0e-11f0-8245-42010a7be027 | Session ID : -1
[15:45:20] ConvaiGRPCLog : Log : OnStreamWriteDone
[15:45:20] ConvaiGRPCLog : Log : NumberOfAudioBytesSent 0
[15:45:24] ConvaiGRPCLog : Log : GetResponse EmotionResponseDebug: session_id: "b65eef15c4ebc3c3d7b43b6429d10341"
emotion_response: "Serenity"

[15:45:24] ConvaiGRPCLog : Log : Received Audio Chunk: 0.560726 secs | Character ID : ea6ea19e-ca0e-11f0-8245-42010a7be027 | Session ID : b65eef15c4ebc3c3d7b43b6429d10341
[15:45:24] ConvaiGRPCLog : Log : EmotionResponse: joy 1
[15:45:24] ConvaiAudioStreamerLog : Log : New SampleRate: 44100
[15:45:24] ConvaiAudioStreamerLog : Log : New Channels: 1
[15:45:24] ConvaiAudioStreamerLog : Log : State transition: Stopped -> Playing
[15:45:24] ConvaiGRPCLog : Log : Received Text Hello there! : | Character ID : ea6ea19e-ca0e-11f0-8245-42010a7be027 | Session ID : b65eef15c4ebc3c3d7b43b6429d10341 | ReceivedFinalResponse : False
[15:45:24] ConvaiGRPCLog : Log : GetResponse EmotionResponseDebug: session_id: "b65eef15c4ebc3c3d7b43b6429d10341"
emotion_response: "Serenity"

[15:45:25] ConvaiGRPCLog : Log : Received Audio Chunk: 0.960726 secs | Character ID : ea6ea19e-ca0e-11f0-8245-42010a7be027 | Session ID : b65eef15c4ebc3c3d7b43b6429d10341
[15:45:25] ConvaiGRPCLog : Log : EmotionResponse: joy 1
[15:45:25] ConvaiGRPCLog : Log : Received Text It's great to meet you. : | Character ID : ea6ea19e-ca0e-11f0-8245-42010a7be027 | Session ID : b65eef15c4ebc3c3d7b43b6429d10341 | ReceivedFinalResponse : False
[15:45:25] ConvaiGRPCLog : Log : GetResponse EmotionResponseDebug: session_id: "b65eef15c4ebc3c3d7b43b6429d10341"
emotion_response: "Serenity"

[15:45:26] ConvaiGRPCLog : Log : Received Audio Chunk: 0.560726 secs | Character ID : ea6ea19e-ca0e-11f0-8245-42010a7be027 | Session ID : b65eef15c4ebc3c3d7b43b6429d10341
[15:45:26] ConvaiGRPCLog : Log : EmotionResponse: joy 1
[15:45:26] ConvaiGRPCLog : Log : Received Text I'm John. : | Character ID : ea6ea19e-ca0e-11f0-8245-42010a7be027 | Session ID : b65eef15c4ebc3c3d7b43b6429d10341 | ReceivedFinalResponse : False
[15:45:26] ConvaiGRPCLog : Log : GetResponse EmotionResponseDebug: session_id: "b65eef15c4ebc3c3d7b43b6429d10341"
emotion_response: "Serenity"

[15:45:26] ConvaiGRPCLog : Log : Received Audio Chunk: 5.120726 secs | Character ID : ea6ea19e-ca0e-11f0-8245-42010a7be027 | Session ID : b65eef15c4ebc3c3d7b43b6429d10341
[15:45:26] ConvaiGRPCLog : Log : EmotionResponse: joy 1
[15:45:26] ConvaiGRPCLog : Log : Received Text I've spent a lot of my career exploring how we can blend the real and digital worlds. : | Character ID : ea6ea19e-ca0e-11f0-8245-42010a7be027 | Session ID : b65eef15c4ebc3c3d7b43b6429d10341 | ReceivedFinalResponse : False
[15:45:26] ConvaiGRPCLog : Log : GetResponse EmotionResponseDebug: session_id: "b65eef15c4ebc3c3d7b43b6429d10341"
emotion_response: "Serenity"

[15:45:26] ConvaiGRPCLog : Log : Received Audio Chunk: 1.960726 secs | Character ID : ea6ea19e-ca0e-11f0-8245-42010a7be027 | Session ID : b65eef15c4ebc3c3d7b43b6429d10341
[15:45:26] ConvaiGRPCLog : Log : EmotionResponse: joy 1
[15:45:26] ConvaiChatbotComponentLog : Log : Chatbot Total Received Audio: 9.158526 seconds
[15:45:26] ConvaiGRPCLog : Log : Received Text What brings you here today?: | Character ID : ea6ea19e-ca0e-11f0-8245-42010a7be027 | Session ID : b65eef15c4ebc3c3d7b43b6429d10341 | ReceivedFinalResponse : True
[15:45:26] ConvaiGRPCLog : Log : GetResponse SequenceString: None
[15:45:26] ConvaiGRPCLog : Log : Action: None
[15:45:27] ConvaiGRPCLog : Log : GetResponse EmotionResponseDebug: session_id: "b65eef15c4ebc3c3d7b43b6429d10341"
emotion_response: "Ecstasy Trust Anticipation Distraction"

[15:45:28] ConvaiGRPCLog : Log : No more data to read after 3 attempts. Calling Finish...
[15:45:28] ConvaiGRPCLog : Log : Calling Stream Finish | Character ID : ea6ea19e-ca0e-11f0-8245-42010a7be027 | Session ID : b65eef15c4ebc3c3d7b43b6429d10341
[15:45:28] ConvaiGRPCLog : Log : On Stream Finish | Character ID : ea6ea19e-ca0e-11f0-8245-42010a7be027 | Session ID : b65eef15c4ebc3c3d7b43b6429d10341
[15:45:28] ConvaiChatbotComponentLog : Log : UConvaiChatbotComponent Request Finished! | Character ID : ea6ea19e-ca0e-11f0-8245-42010a7be027 | Session ID : b65eef15c4ebc3c3d7b43b6429d10341
[15:45:34] ConvaiAudioStreamerLog : Log : onAudioFinished
[15:45:34] ConvaiAudioStreamerLog : Log : State transition: Playing -> Stopped
[15:45:57] ConvaiGRPCLog : Log : Destroying UConvaiGRPCGetResponseProxy... | Character ID : ea6ea19e-ca0e-11f0-8245-42010a7be027 | Session ID : b65eef15c4ebc3c3d7b43b6429d10341
[15:46:12] ConvaiGRPCLog : Log : AsyncGetResponse started | Character ID : ea6ea19e-ca0e-11f0-8245-42010a7be027 | Session ID : b65eef15c4ebc3c3d7b43b6429d10341
[15:46:12] ConvaiGRPCLog : Log : GRPC GetResponse stream initialized | Character ID : ea6ea19e-ca0e-11f0-8245-42010a7be027 | Session ID : b65eef15c4ebc3c3d7b43b6429d10341
[15:46:12] ConvaiGRPCLog : Log : request: character_id: "ea6ea19e-ca0e-11f0-8245-42010a7be027"
api_key: "5ff1f80b5ca3741d51e90a2fc9cacebd"
session_id: "b65eef15c4ebc3c3d7b43b6429d10341"
audio_config {
  sample_rate_hertz: 16000
}
action_config {
  actions: "Moves To"
  actions: "Follows"
  actions: "None"
  actions: "Stops"
  actions: "Waits for <time in seconds or character>"
  characters {
    name: "John"
  }
  characters {
    name: "Guest"
  }
  characters {
    name: "Player"
  }
  objects {
  }
  classification: "multistep"
}
speaker: "Player"
dynamic_info_config {
}
 | Character ID : ea6ea19e-ca0e-11f0-8245-42010a7be027 | Session ID : b65eef15c4ebc3c3d7b43b6429d10341
[15:46:12] ConvaiGRPCLog : Log : Initial Stream Write | Character ID : ea6ea19e-ca0e-11f0-8245-42010a7be027 | Session ID : b65eef15c4ebc3c3d7b43b6429d10341
[15:46:12] ConvaiGRPCLog : Log : Initial Stream Read | Character ID : ea6ea19e-ca0e-11f0-8245-42010a7be027 | Session ID : b65eef15c4ebc3c3d7b43b6429d10341
[15:46:12] ConvaiGRPCLog : Log : Sent UserQuery what do you do for a leaving John: | Character ID : ea6ea19e-ca0e-11f0-8245-42010a7be027 | Session ID : b65eef15c4ebc3c3d7b43b6429d10341
[15:46:12] ConvaiGRPCLog : Log : Calling Stream WriteLast | Character ID : ea6ea19e-ca0e-11f0-8245-42010a7be027 | Session ID : b65eef15c4ebc3c3d7b43b6429d10341
[15:46:12] ConvaiGRPCLog : Log : OnStreamWriteDone
[15:46:12] ConvaiGRPCLog : Log : NumberOfAudioBytesSent 0
[15:46:15] ConvaiGRPCLog : Log : GetResponse EmotionResponseDebug: session_id: "b65eef15c4ebc3c3d7b43b6429d10341"
emotion_response: "Joy"

[15:46:16] ConvaiGRPCLog : Log : Received Audio Chunk: 1.480726 secs | Character ID : ea6ea19e-ca0e-11f0-8245-42010a7be027 | Session ID : b65eef15c4ebc3c3d7b43b6429d10341
[15:46:16] ConvaiGRPCLog : Log : EmotionResponse: joy 2
[15:46:16] ConvaiAudioStreamerLog : Log : State transition: Stopped -> Playing
[15:46:16] ConvaiGRPCLog : Log : Received Text Ah, my livelihood! : | Character ID : ea6ea19e-ca0e-11f0-8245-42010a7be027 | Session ID : b65eef15c4ebc3c3d7b43b6429d10341 | ReceivedFinalResponse : False
[15:46:16] ConvaiGRPCLog : Log : GetResponse EmotionResponseDebug: session_id: "b65eef15c4ebc3c3d7b43b6429d10341"
emotion_response: "Joy"

[15:46:16] ConvaiGRPCLog : Log : Received Audio Chunk: 1.440726 secs | Character ID : ea6ea19e-ca0e-11f0-8245-42010a7be027 | Session ID : b65eef15c4ebc3c3d7b43b6429d10341
[15:46:16] ConvaiGRPCLog : Log : EmotionResponse: joy 2
[15:46:16] ConvaiGRPCLog : Log : Received Text I'm a Mixed Reality Engineer. : | Character ID : ea6ea19e-ca0e-11f0-8245-42010a7be027 | Session ID : b65eef15c4ebc3c3d7b43b6429d10341 | ReceivedFinalResponse : False
[15:46:16] ConvaiGRPCLog : Log : GetResponse EmotionResponseDebug: session_id: "b65eef15c4ebc3c3d7b43b6429d10341"
emotion_response: "Joy"

[15:46:18] ConvaiGRPCLog : Log : Received Audio Chunk: 4.960726 secs | Character ID : ea6ea19e-ca0e-11f0-8245-42010a7be027 | Session ID : b65eef15c4ebc3c3d7b43b6429d10341
[15:46:18] ConvaiGRPCLog : Log : EmotionResponse: joy 2
[15:46:18] ConvaiGRPCLog : Log : Received Text Essentially, I build immersive experiences that merge the digital and physical worlds. : | Character ID : ea6ea19e-ca0e-11f0-8245-42010a7be027 | Session ID : b65eef15c4ebc3c3d7b43b6429d10341 | ReceivedFinalResponse : False
[15:46:18] ConvaiGRPCLog : Log : GetResponse EmotionResponseDebug: session_id: "b65eef15c4ebc3c3d7b43b6429d10341"
emotion_response: "Joy"

[15:46:19] ConvaiGRPCLog : Log : Received Audio Chunk: 6.280726 secs | Character ID : ea6ea19e-ca0e-11f0-8245-42010a7be027 | Session ID : b65eef15c4ebc3c3d7b43b6429d10341
[15:46:19] ConvaiGRPCLog : Log : EmotionResponse: joy 2
[15:46:19] ConvaiGRPCLog : Log : Received Text Think VR training simulations, AR experiences for retail, or even tools for remote collaboration. : | Character ID : ea6ea19e-ca0e-11f0-8245-42010a7be027 | Session ID : b65eef15c4ebc3c3d7b43b6429d10341 | ReceivedFinalResponse : False
[15:46:19] ConvaiGRPCLog : Log : GetResponse EmotionResponseDebug: session_id: "b65eef15c4ebc3c3d7b43b6429d10341"
emotion_response: "Joy"

[15:46:19] ConvaiGRPCLog : Log : Received Audio Chunk: 8.200726 secs | Character ID : ea6ea19e-ca0e-11f0-8245-42010a7be027 | Session ID : b65eef15c4ebc3c3d7b43b6429d10341
[15:46:19] ConvaiGRPCLog : Log : EmotionResponse: joy 2
[15:46:19] ConvaiGRPCLog : Log : Received Text I love bringing ideas to life, whether it's designing interactions, building environments, or pushing the limits of what immersive technology can do. : | Character ID : ea6ea19e-ca0e-11f0-8245-42010a7be027 | Session ID : b65eef15c4ebc3c3d7b43b6429d10341 | ReceivedFinalResponse : False
[15:46:19] ConvaiGRPCLog : Log : GetResponse EmotionResponseDebug: session_id: "b65eef15c4ebc3c3d7b43b6429d10341"
emotion_response: "Joy"

[15:46:20] ConvaiGRPCLog : Log : Received Audio Chunk: 4.320726 secs | Character ID : ea6ea19e-ca0e-11f0-8245-42010a7be027 | Session ID : b65eef15c4ebc3c3d7b43b6429d10341
[15:46:20] ConvaiGRPCLog : Log : EmotionResponse: joy 2
[15:46:20] ConvaiGRPCLog : Log : Received Text I've worked with everything from Unreal Engine to Unity, Blender, and Houdini. : | Character ID : ea6ea19e-ca0e-11f0-8245-42010a7be027 | Session ID : b65eef15c4ebc3c3d7b43b6429d10341 | ReceivedFinalResponse : False
[15:46:20] ConvaiGRPCLog : Log : GetResponse EmotionResponseDebug: session_id: "b65eef15c4ebc3c3d7b43b6429d10341"
emotion_response: "Joy"

[15:46:20] ConvaiGRPCLog : Log : Received Audio Chunk: 4.120726 secs | Character ID : ea6ea19e-ca0e-11f0-8245-42010a7be027 | Session ID : b65eef15c4ebc3c3d7b43b6429d10341
[15:46:20] ConvaiGRPCLog : Log : EmotionResponse: joy 2
[15:46:20] ConvaiChatbotComponentLog : Log : Chatbot Total Received Audio: 30.797935 seconds
[15:46:20] ConvaiGRPCLog : Log : Received Text It's a fascinating field, and I'm always eager to see what new possibilities emerge!: | Character ID : ea6ea19e-ca0e-11f0-8245-42010a7be027 | Session ID : b65eef15c4ebc3c3d7b43b6429d10341 | ReceivedFinalResponse : True
[15:46:20] ConvaiGRPCLog : Log : GetResponse SequenceString: None
[15:46:20] ConvaiGRPCLog : Log : Action: None
[15:46:21] ConvaiGRPCLog : Log : GetResponse EmotionResponseDebug: session_id: "b65eef15c4ebc3c3d7b43b6429d10341"
emotion_response: "Vigilance Admiration Joy"

[15:46:22] ConvaiGRPCLog : Log : No more data to read after 3 attempts. Calling Finish...
[15:46:22] ConvaiGRPCLog : Log : Calling Stream Finish | Character ID : ea6ea19e-ca0e-11f0-8245-42010a7be027 | Session ID : b65eef15c4ebc3c3d7b43b6429d10341
[15:46:22] ConvaiGRPCLog : Log : On Stream Finish | Character ID : ea6ea19e-ca0e-11f0-8245-42010a7be027 | Session ID : b65eef15c4ebc3c3d7b43b6429d10341
[15:46:22] ConvaiChatbotComponentLog : Log : UConvaiChatbotComponent Request Finished! | Character ID : ea6ea19e-ca0e-11f0-8245-42010a7be027 | Session ID : b65eef15c4ebc3c3d7b43b6429d10341
[15:46:47] ConvaiAudioStreamerLog : Log : onAudioFinished
[15:46:47] ConvaiAudioStreamerLog : Log : State transition: Playing -> Stopped
[15:46:58] ConvaiGRPCLog : Log : Destroying UConvaiGRPCGetResponseProxy... | Character ID : ea6ea19e-ca0e-11f0-8245-42010a7be027 | Session ID : b65eef15c4ebc3c3d7b43b6429d10341
[15:47:03] ConvaiGRPCLog : Log : AsyncGetResponse started | Character ID : ea6ea19e-ca0e-11f0-8245-42010a7be027 | Session ID : b65eef15c4ebc3c3d7b43b6429d10341
[15:47:03] ConvaiGRPCLog : Log : GRPC GetResponse stream initialized | Character ID : ea6ea19e-ca0e-11f0-8245-42010a7be027 | Session ID : b65eef15c4ebc3c3d7b43b6429d10341
[15:47:03] ConvaiGRPCLog : Log : request: character_id: "ea6ea19e-ca0e-11f0-8245-42010a7be027"
api_key: "5ff1f80b5ca3741d51e90a2fc9cacebd"
session_id: "b65eef15c4ebc3c3d7b43b6429d10341"
audio_config {
  sample_rate_hertz: 16000
}
action_config {
  actions: "Moves To"
  actions: "Follows"
  actions: "None"
  actions: "Stops"
  actions: "Waits for <time in seconds or character>"
  characters {
    name: "John"
  }
  characters {
    name: "Guest"
  }
  characters {
    name: "Player"
  }
  objects {
  }
  classification: "multistep"
}
speaker: "Player"
dynamic_info_config {
}
 | Character ID : ea6ea19e-ca0e-11f0-8245-42010a7be027 | Session ID : b65eef15c4ebc3c3d7b43b6429d10341
[15:47:03] ConvaiGRPCLog : Log : Initial Stream Write | Character ID : ea6ea19e-ca0e-11f0-8245-42010a7be027 | Session ID : b65eef15c4ebc3c3d7b43b6429d10341
[15:47:03] ConvaiGRPCLog : Log : Initial Stream Read | Character ID : ea6ea19e-ca0e-11f0-8245-42010a7be027 | Session ID : b65eef15c4ebc3c3d7b43b6429d10341
[15:47:03] ConvaiGRPCLog : Log : Sent UserQuery where are you from John: | Character ID : ea6ea19e-ca0e-11f0-8245-42010a7be027 | Session ID : b65eef15c4ebc3c3d7b43b6429d10341
[15:47:03] ConvaiGRPCLog : Log : Calling Stream WriteLast | Character ID : ea6ea19e-ca0e-11f0-8245-42010a7be027 | Session ID : b65eef15c4ebc3c3d7b43b6429d10341
[15:47:03] ConvaiGRPCLog : Log : OnStreamWriteDone
[15:47:03] ConvaiGRPCLog : Log : NumberOfAudioBytesSent 0
[15:47:07] ConvaiGRPCLog : Log : Received Audio Chunk: 1.120726 secs | Character ID : ea6ea19e-ca0e-11f0-8245-42010a7be027 | Session ID : b65eef15c4ebc3c3d7b43b6429d10341
[15:47:07] ConvaiGRPCLog : Log : EmotionResponse: neutral 1
[15:47:07] ConvaiAudioStreamerLog : Log : State transition: Stopped -> Playing
[15:47:07] ConvaiGRPCLog : Log : Received Text That's an interesting question. : | Character ID : ea6ea19e-ca0e-11f0-8245-42010a7be027 | Session ID : b65eef15c4ebc3c3d7b43b6429d10341 | ReceivedFinalResponse : False
[15:47:09] ConvaiAudioStreamerLog : Log : onAudioFinished
[15:47:09] ConvaiAudioStreamerLog : Log : State transition: Playing -> Stopped
[15:47:09] ConvaiGRPCLog : Log : Received Audio Chunk: 6.040726 secs | Character ID : ea6ea19e-ca0e-11f0-8245-42010a7be027 | Session ID : b65eef15c4ebc3c3d7b43b6429d10341
[15:47:09] ConvaiGRPCLog : Log : EmotionResponse: neutral 1
[15:47:09] ConvaiAudioStreamerLog : Log : State transition: Stopped -> Playing
[15:47:09] ConvaiGRPCLog : Log : Received Text My backstory is more about my professional journey and passions rather than a specific geographical origin. : | Character ID : ea6ea19e-ca0e-11f0-8245-42010a7be027 | Session ID : b65eef15c4ebc3c3d7b43b6429d10341 | ReceivedFinalResponse : False
[15:47:09] ConvaiGRPCLog : Log : Received Audio Chunk: 9.280726 secs | Character ID : ea6ea19e-ca0e-11f0-8245-42010a7be027 | Session ID : b65eef15c4ebc3c3d7b43b6429d10341
[15:47:09] ConvaiGRPCLog : Log : EmotionResponse: neutral 1
[15:47:09] ConvaiGRPCLog : Log : Received Text I've been so focused on exploring the digital and real world through technology that "where I'm from" feels less like a place and more like a path I've been on. : | Character ID : ea6ea19e-ca0e-11f0-8245-42010a7be027 | Session ID : b65eef15c4ebc3c3d7b43b6429d10341 | ReceivedFinalResponse : False
[15:47:09] ConvaiGRPCLog : Log : Received Audio Chunk: 1.920726 secs | Character ID : ea6ea19e-ca0e-11f0-8245-42010a7be027 | Session ID : b65eef15c4ebc3c3d7b43b6429d10341
[15:47:09] ConvaiGRPCLog : Log : EmotionResponse: neutral 1
[15:47:09] ConvaiChatbotComponentLog : Log : Chatbot Total Received Audio: 18.358820 seconds
[15:47:09] ConvaiGRPCLog : Log : Received Text Does that make sense?: | Character ID : ea6ea19e-ca0e-11f0-8245-42010a7be027 | Session ID : b65eef15c4ebc3c3d7b43b6429d10341 | ReceivedFinalResponse : True
[15:47:09] ConvaiGRPCLog : Log : GetResponse SequenceString: None
[15:47:09] ConvaiGRPCLog : Log : Action: None
[15:47:10] ConvaiGRPCLog : Log : GetResponse EmotionResponseDebug: session_id: "b65eef15c4ebc3c3d7b43b6429d10341"
emotion_response: "Serenity Acceptance Distraction Interest Apprehension Pensiveness Boredom Annoyance"

[15:47:11] ConvaiGRPCLog : Log : No more data to read after 3 attempts. Calling Finish...
[15:47:11] ConvaiGRPCLog : Log : Calling Stream Finish | Character ID : ea6ea19e-ca0e-11f0-8245-42010a7be027 | Session ID : b65eef15c4ebc3c3d7b43b6429d10341
[15:47:11] ConvaiGRPCLog : Log : On Stream Finish | Character ID : ea6ea19e-ca0e-11f0-8245-42010a7be027 | Session ID : b65eef15c4ebc3c3d7b43b6429d10341
[15:47:11] ConvaiChatbotComponentLog : Log : UConvaiChatbotComponent Request Finished! | Character ID : ea6ea19e-ca0e-11f0-8245-42010a7be027 | Session ID : b65eef15c4ebc3c3d7b43b6429d10341
[15:47:26] ConvaiAudioStreamerLog : Log : onAudioFinished
[15:47:26] ConvaiAudioStreamerLog : Log : State transition: Playing -> Stopped
[15:47:59] ConvaiGRPCLog : Log : Destroying UConvaiGRPCGetResponseProxy... | Character ID : ea6ea19e-ca0e-11f0-8245-42010a7be027 | Session ID : b65eef15c4ebc3c3d7b43b6429d10341
[15:48:04] ConvaiSubsystemLog : Verbose : Unregistered player component: ConvaiPlayer
[15:48:04] ConvaiSubsystemLog : Log : UConvaiSubsystem Stopped
[15:48:04] ConvaiSubsystemLog : Log : End Run
[15:48:04] ConvaiChatbotComponentLog : Log : Cleanup | Character ID : ea6ea19e-ca0e-11f0-8245-42010a7be027 | Session ID : b65eef15c4ebc3c3d7b43b6429d10341
[16:14:05] ConvaiChatbotComponentLog : Log : Cleanup | Character ID :  | Session ID : -1
[16:14:05] ConvaiChatbotComponentLog : Log : Cleanup | Character ID : ea6ea19e-ca0e-11f0-8245-42010a7be027 | Session ID : -1
[16:14:05] ConvaiChatbotComponentLog : Log : Cleanup | Character ID :  | Session ID : -1
[16:14:05] ConvaiChatbotComponentLog : Log : Cleanup | Character ID :  | Session ID : -1
[16:14:05] ConvaiChatbotComponentLog : Log : Cleanup | Character ID :  | Session ID : -1
[16:14:05] ConvaiChatbotComponentLog : Log : Cleanup | Character ID : ea6ea19e-ca0e-11f0-8245-42010a7be027 | Session ID : -1
[16:14:05] ConvaiChatbotComponentLog : Log : Cleanup | Character ID :  | Session ID : -1
[16:14:51] ConvaiChatbotComponentLog : Log : Cleanup | Character ID :  | Session ID : -1
[16:14:51] ConvaiChatbotComponentLog : Log : Cleanup | Character ID :  | Session ID : -1
[16:14:51] ConvaiChatbotComponentLog : Log : Cleanup | Character ID :  | Session ID : -1
[16:14:51] ConvaiChatbotComponentLog : Log : Cleanup | Character ID : ea6ea19e-ca0e-11f0-8245-42010a7be027 | Session ID : -1
[16:14:51] ConvaiChatbotComponentLog : Log : Cleanup | Character ID : ea6ea19e-ca0e-11f0-8245-42010a7be027 | Session ID : -1
[16:14:51] ConvaiChatbotComponentLog : Log : Cleanup | Character ID :  | Session ID : -1
[16:14:51] ConvaiChatbotComponentLog : Log : Cleanup | Character ID :  | Session ID : -1
[16:14:54] ConvaiSubsystemLog : Log : gRPC Creating Channel...
[16:14:54] ConvaiSubsystemLog : Log : UConvaiSubsystem Started
[16:14:54] ConvaiSubsystemLog : Log : Start Run
[16:14:54] ConvaiPlayerLog : Log : UConvaiPlayerComponent: Found submix "AudioInput"
[16:14:54] ConvaiSubsystemLog : Verbose : Registered player component: ConvaiPlayer
[16:15:27] ConvaiSubsystemLog : Warning : gRPC channel not ready yet.. Current State: GRPC_CHANNEL_IDLE
[16:15:27] ConvaiGRPCLog : Log : AsyncGetResponse started | Character ID : ea6ea19e-ca0e-11f0-8245-42010a7be027 | Session ID : -1
[16:15:29] ConvaiChatbotComponentLog : Warning : Player timed out | Character ID : ea6ea19e-ca0e-11f0-8245-42010a7be027 | Session ID : -1
[16:15:31] ConvaiChatbotComponentLog : Warning : Player timed out | Character ID : ea6ea19e-ca0e-11f0-8245-42010a7be027 | Session ID : -1
[16:15:33] ConvaiGRPCLog : Log : GRPC GetResponse stream initialized | Character ID : ea6ea19e-ca0e-11f0-8245-42010a7be027 | Session ID : -1
[16:15:33] ConvaiGRPCLog : Log : request: character_id: "ea6ea19e-ca0e-11f0-8245-42010a7be027"
api_key: "5ff1f80b5ca3741d51e90a2fc9cacebd"
session_id: "-1"
audio_config {
  sample_rate_hertz: 16000
}
action_config {
  actions: "Moves To"
  actions: "Follows"
  actions: "None"
  actions: "Stops"
  actions: "Waits for <time in seconds or character>"
  characters {
    name: "John"
  }
  characters {
    name: "Guest"
  }
  characters {
    name: "Player"
  }
  objects {
  }
  classification: "multistep"
}
speaker: "Player"
dynamic_info_config {
}
 | Character ID : ea6ea19e-ca0e-11f0-8245-42010a7be027 | Session ID : -1
[16:15:33] ConvaiGRPCLog : Log : Initial Stream Write | Character ID : ea6ea19e-ca0e-11f0-8245-42010a7be027 | Session ID : -1
[16:15:33] ConvaiGRPCLog : Log : Initial Stream Read | Character ID : ea6ea19e-ca0e-11f0-8245-42010a7be027 | Session ID : -1
[16:15:33] ConvaiGRPCLog : Log : Sent UserQuery hello  how atr you doing: | Character ID : ea6ea19e-ca0e-11f0-8245-42010a7be027 | Session ID : -1
[16:15:33] ConvaiGRPCLog : Log : Calling Stream WriteLast | Character ID : ea6ea19e-ca0e-11f0-8245-42010a7be027 | Session ID : -1
[16:15:33] ConvaiGRPCLog : Log : OnStreamWriteDone
[16:15:33] ConvaiGRPCLog : Log : NumberOfAudioBytesSent 0
[16:15:35] ConvaiGRPCLog : Log : GetResponse EmotionResponseDebug: session_id: "ee5aa7fabac901060a30971ec2c4f298"
emotion_response: "Serenity"

[16:15:35] ConvaiGRPCLog : Log : Received Audio Chunk: 0.480726 secs | Character ID : ea6ea19e-ca0e-11f0-8245-42010a7be027 | Session ID : ee5aa7fabac901060a30971ec2c4f298
[16:15:35] ConvaiGRPCLog : Log : EmotionResponse: joy 1
[16:15:35] ConvaiAudioStreamerLog : Log : State transition: Stopped -> WaitingOnAudio
[16:15:35] ConvaiGRPCLog : Log : Received Text Hello! : | Character ID : ea6ea19e-ca0e-11f0-8245-42010a7be027 | Session ID : ee5aa7fabac901060a30971ec2c4f298 | ReceivedFinalResponse : False
[16:15:35] ConvaiGRPCLog : Log : GetResponse EmotionResponseDebug: session_id: "ee5aa7fabac901060a30971ec2c4f298"
emotion_response: "Serenity"

[16:15:36] ConvaiGRPCLog : Log : Received Audio Chunk: 1.600726 secs | Character ID : ea6ea19e-ca0e-11f0-8245-42010a7be027 | Session ID : ee5aa7fabac901060a30971ec2c4f298
[16:15:36] ConvaiGRPCLog : Log : EmotionResponse: joy 1
[16:15:36] ConvaiAudioStreamerLog : Log : New SampleRate: 44100
[16:15:36] ConvaiAudioStreamerLog : Log : New Channels: 1
[16:15:36] ConvaiAudioStreamerLog : Log : State transition: WaitingOnAudio -> Playing
[16:15:36] ConvaiGRPCLog : Log : Received Text I'm doing great, thank you for asking. : | Character ID : ea6ea19e-ca0e-11f0-8245-42010a7be027 | Session ID : ee5aa7fabac901060a30971ec2c4f298 | ReceivedFinalResponse : False
[16:15:36] ConvaiGRPCLog : Log : GetResponse EmotionResponseDebug: session_id: "ee5aa7fabac901060a30971ec2c4f298"
emotion_response: "Serenity"

[16:15:37] ConvaiGRPCLog : Log : Received Audio Chunk: 6.480726 secs | Character ID : ea6ea19e-ca0e-11f0-8245-42010a7be027 | Session ID : ee5aa7fabac901060a30971ec2c4f298
[16:15:37] ConvaiGRPCLog : Log : EmotionResponse: joy 1
[16:15:37] ConvaiGRPCLog : Log : Received Text I'm John, and I'm always excited to talk about immersive technology and how we can use it to create incredible experiences. : | Character ID : ea6ea19e-ca0e-11f0-8245-42010a7be027 | Session ID : ee5aa7fabac901060a30971ec2c4f298 | ReceivedFinalResponse : False
[16:15:37] ConvaiGRPCLog : Log : GetResponse EmotionResponseDebug: session_id: "ee5aa7fabac901060a30971ec2c4f298"
emotion_response: "Serenity"

[16:15:37] ConvaiGRPCLog : Log : Received Audio Chunk: 1.040726 secs | Character ID : ea6ea19e-ca0e-11f0-8245-42010a7be027 | Session ID : ee5aa7fabac901060a30971ec2c4f298
[16:15:37] ConvaiGRPCLog : Log : EmotionResponse: joy 1
[16:15:37] ConvaiChatbotComponentLog : Log : Chatbot Total Received Audio: 9.598822 seconds
[16:15:37] ConvaiGRPCLog : Log : Received Text What brings you here today?: | Character ID : ea6ea19e-ca0e-11f0-8245-42010a7be027 | Session ID : ee5aa7fabac901060a30971ec2c4f298 | ReceivedFinalResponse : True
[16:15:37] ConvaiGRPCLog : Log : GetResponse SequenceString: None
[16:15:37] ConvaiGRPCLog : Log : Action: None
[16:15:37] ConvaiGRPCLog : Log : GetResponse EmotionResponseDebug: session_id: "ee5aa7fabac901060a30971ec2c4f298"
emotion_response: "Ecstasy Admiration Anticipation Distraction"

[16:15:38] ConvaiGRPCLog : Log : No more data to read after 3 attempts. Calling Finish...
[16:15:38] ConvaiGRPCLog : Log : Calling Stream Finish | Character ID : ea6ea19e-ca0e-11f0-8245-42010a7be027 | Session ID : ee5aa7fabac901060a30971ec2c4f298
[16:15:38] ConvaiGRPCLog : Log : On Stream Finish | Character ID : ea6ea19e-ca0e-11f0-8245-42010a7be027 | Session ID : ee5aa7fabac901060a30971ec2c4f298
[16:15:38] ConvaiChatbotComponentLog : Log : UConvaiChatbotComponent Request Finished! | Character ID : ea6ea19e-ca0e-11f0-8245-42010a7be027 | Session ID : ee5aa7fabac901060a30971ec2c4f298
[16:15:46] ConvaiAudioStreamerLog : Log : onAudioFinished
[16:15:46] ConvaiAudioStreamerLog : Log : State transition: Playing -> Stopped
[16:15:47] ConvaiSubsystemLog : Verbose : Unregistered player component: ConvaiPlayer
[16:15:47] ConvaiSubsystemLog : Log : UConvaiSubsystem Stopped
[16:15:47] ConvaiSubsystemLog : Log : End Run
[16:15:47] ConvaiGRPCLog : Log : Destroying UConvaiGRPCGetResponseProxy... | Character ID : ea6ea19e-ca0e-11f0-8245-42010a7be027 | Session ID : ee5aa7fabac901060a30971ec2c4f298
[16:15:47] ConvaiChatbotComponentLog : Log : Cleanup | Character ID : ea6ea19e-ca0e-11f0-8245-42010a7be027 | Session ID : -1
[16:15:47] ConvaiChatbotComponentLog : Log : Cleanup | Character ID :  | Session ID : -1
[16:15:47] ConvaiChatbotComponentLog : Log : Cleanup | Character ID : ea6ea19e-ca0e-11f0-8245-42010a7be027 | Session ID : ee5aa7fabac901060a30971ec2c4f298
