[10:44:55] ConvaiChatbotComponentLog : Log : Cleanup | Character ID : ea6ea19e-ca0e-11f0-8245-42010a7be027 | Session ID : -1
[10:44:55] ConvaiChatbotComponentLog : Log : Cleanup | Character ID : ea6ea19e-ca0e-11f0-8245-42010a7be027 | Session ID : -1
[10:47:54] ConvaiChatbotComponentLog : Log : Cleanup | Character ID :  | Session ID : -1
[10:47:54] ConvaiChatbotComponentLog : Log : Cleanup | Character ID :  | Session ID : -1
[10:47:54] ConvaiChatbotComponentLog : Log : Cleanup | Character ID :  | Session ID : -1
[10:47:54] ConvaiChatbotComponentLog : Log : Cleanup | Character ID :  | Session ID : -1
[10:47:54] ConvaiChatbotComponentLog : Log : Cleanup | Character ID :  | Session ID : -1
[10:47:54] ConvaiChatbotComponentLog : Log : Cleanup | Character ID :  | Session ID : -1
[10:47:54] ConvaiChatbotComponentLog : Log : Cleanup | Character ID :  | Session ID : -1
[10:47:54] ConvaiChatbotComponentLog : Log : Cleanup | Character ID :  | Session ID : -1
[10:47:54] ConvaiChatbotComponentLog : Log : Cleanup | Character ID :  | Session ID : -1
[10:47:54] ConvaiChatbotComponentLog : Log : Cleanup | Character ID :  | Session ID : -1
[10:47:54] ConvaiChatbotComponentLog : Log : Cleanup | Character ID :  | Session ID : -1
[10:47:54] ConvaiChatbotComponentLog : Log : Cleanup | Character ID :  | Session ID : -1
[10:47:54] ConvaiChatbotComponentLog : Log : Cleanup | Character ID :  | Session ID : -1
[10:47:54] ConvaiChatbotComponentLog : Log : Cleanup | Character ID :  | Session ID : -1
[10:47:54] ConvaiChatbotComponentLog : Log : Cleanup | Character ID :  | Session ID : -1
[10:47:54] ConvaiChatbotComponentLog : Log : Cleanup | Character ID :  | Session ID : -1
[10:47:54] ConvaiChatbotComponentLog : Log : Cleanup | Character ID :  | Session ID : -1
[10:47:54] ConvaiChatbotComponentLog : Log : Cleanup | Character ID :  | Session ID : -1
[10:47:54] ConvaiChatbotComponentLog : Log : Cleanup | Character ID :  | Session ID : -1
[10:47:54] ConvaiChatbotComponentLog : Log : Cleanup | Character ID :  | Session ID : -1
[10:47:54] ConvaiChatbotComponentLog : Log : Cleanup | Character ID :  | Session ID : -1
[10:47:54] ConvaiChatbotComponentLog : Log : Cleanup | Character ID :  | Session ID : -1
[10:47:54] ConvaiChatbotComponentLog : Log : Cleanup | Character ID :  | Session ID : -1
[10:47:54] ConvaiChatbotComponentLog : Log : Cleanup | Character ID :  | Session ID : -1
[10:47:54] ConvaiChatbotComponentLog : Log : Cleanup | Character ID :  | Session ID : -1
[10:47:54] ConvaiChatbotComponentLog : Log : Cleanup | Character ID :  | Session ID : -1
[10:47:54] ConvaiChatbotComponentLog : Log : Cleanup | Character ID :  | Session ID : -1
[10:47:54] ConvaiChatbotComponentLog : Log : Cleanup | Character ID :  | Session ID : -1
[10:47:54] ConvaiChatbotComponentLog : Log : Cleanup | Character ID :  | Session ID : -1
[10:47:54] ConvaiChatbotComponentLog : Log : Cleanup | Character ID :  | Session ID : -1
[10:47:54] ConvaiChatbotComponentLog : Log : Cleanup | Character ID :  | Session ID : -1
[10:47:54] ConvaiChatbotComponentLog : Log : Cleanup | Character ID :  | Session ID : -1
[10:47:54] ConvaiChatbotComponentLog : Log : Cleanup | Character ID :  | Session ID : -1
[10:47:54] ConvaiChatbotComponentLog : Log : Cleanup | Character ID :  | Session ID : -1
[10:47:54] ConvaiChatbotComponentLog : Log : Cleanup | Character ID :  | Session ID : -1
[10:47:54] ConvaiChatbotComponentLog : Log : Cleanup | Character ID :  | Session ID : -1
[10:47:54] ConvaiChatbotComponentLog : Log : Cleanup | Character ID :  | Session ID : -1
[10:47:54] ConvaiChatbotComponentLog : Log : Cleanup | Character ID :  | Session ID : -1
[10:47:54] ConvaiChatbotComponentLog : Log : Cleanup | Character ID :  | Session ID : -1
[10:47:54] ConvaiChatbotComponentLog : Log : Cleanup | Character ID :  | Session ID : -1
[10:47:54] ConvaiChatbotComponentLog : Log : Cleanup | Character ID :  | Session ID : -1
[10:47:54] ConvaiChatbotComponentLog : Log : Cleanup | Character ID :  | Session ID : -1
[10:47:54] ConvaiChatbotComponentLog : Log : Cleanup | Character ID :  | Session ID : -1
[10:47:54] ConvaiChatbotComponentLog : Log : Cleanup | Character ID :  | Session ID : -1
[10:47:54] ConvaiChatbotComponentLog : Log : Cleanup | Character ID :  | Session ID : -1
[10:47:54] ConvaiChatbotComponentLog : Log : Cleanup | Character ID :  | Session ID : -1
[10:47:54] ConvaiChatbotComponentLog : Log : Cleanup | Character ID :  | Session ID : -1
[10:47:54] ConvaiChatbotComponentLog : Log : Cleanup | Character ID :  | Session ID : -1
[10:47:54] ConvaiChatbotComponentLog : Log : Cleanup | Character ID :  | Session ID : -1
[10:47:54] ConvaiChatbotComponentLog : Log : Cleanup | Character ID :  | Session ID : -1
[10:47:54] ConvaiChatbotComponentLog : Log : Cleanup | Character ID :  | Session ID : -1
[10:47:54] ConvaiChatbotComponentLog : Log : Cleanup | Character ID :  | Session ID : -1
[10:47:54] ConvaiChatbotComponentLog : Log : Cleanup | Character ID :  | Session ID : -1
[10:47:54] ConvaiChatbotComponentLog : Log : Cleanup | Character ID :  | Session ID : -1
[10:47:54] ConvaiChatbotComponentLog : Log : Cleanup | Character ID :  | Session ID : -1
[10:47:54] ConvaiChatbotComponentLog : Log : Cleanup | Character ID :  | Session ID : -1
[10:47:54] ConvaiChatbotComponentLog : Log : Cleanup | Character ID :  | Session ID : -1
[10:47:54] ConvaiChatbotComponentLog : Log : Cleanup | Character ID :  | Session ID : -1
[10:47:54] ConvaiChatbotComponentLog : Log : Cleanup | Character ID :  | Session ID : -1
[10:47:55] ConvaiSubsystemLog : Log : gRPC Creating Channel...
[10:47:55] ConvaiSubsystemLog : Log : UConvaiSubsystem Started
[10:47:55] ConvaiSubsystemLog : Log : Start Run
[10:47:55] ConvaiPlayerLog : Log : UConvaiPlayerComponent: Found submix "AudioInput"
[10:47:55] ConvaiSubsystemLog : Verbose : Registered player component: ConvaiPlayer
[10:49:03] ConvaiFormValidationLog : Warning : Empty Character ID
[10:49:03] ConvaiChatbotComponentLog : Warning : UConvaiChatbotComponent Get Response Failed! | Character ID :  | Session ID : -1
[10:49:03] ConvaiChatbotComponentLog : Log : UConvaiChatbotComponent Request Finished! | Character ID :  | Session ID : -1
[10:49:25] ConvaiSubsystemLog : Verbose : Unregistered player component: ConvaiPlayer
[10:49:25] ConvaiSubsystemLog : Log : UConvaiSubsystem Stopped
[10:49:25] ConvaiSubsystemLog : Log : End Run
[10:49:25] ConvaiGRPCLog : Log : Destroying UConvaiGRPCGetResponseProxy... | Character ID :  | Session ID : -1
[10:49:25] ConvaiChatbotComponentLog : Log : Cleanup | Character ID :  | Session ID : -1
[10:49:25] ConvaiChatbotComponentLog : Log : Cleanup | Character ID :  | Session ID : -1
[10:49:25] ConvaiChatbotComponentLog : Log : Cleanup | Character ID :  | Session ID : -1
[10:49:25] ConvaiChatbotComponentLog : Log : Cleanup | Character ID :  | Session ID : -1
